*** Starting uWSGI 2.0.12-debian (64bit) on [Tue Nov  8 03:57:21 2016] ***
compiled with version: 5.3.1 20160412 on 13 April 2016 08:36:06
os: Linux-4.4.0-45-generic #66-Ubuntu SMP Wed Oct 19 14:12:37 UTC 2016
nodename: ip-172-31-62-27
machine: x86_64
clock source: unix
pcre jit disabled
detected number of CPU cores: 1
current working directory: /home/ubuntu
writing pidfile to /home/ubuntu//app.pid
detected binary path: /usr/bin/uwsgi-core
*** WARNING: you are running uWSGI without its master process manager ***
your processes number limit is 3917
your memory page size is 4096 bytes
detected max file descriptor number: 1024
lock engine: pthread robust mutexes
thunder lock: disabled (you can enable it with --thunder-lock)
uwsgi socket 0 bound to TCP address 127.0.0.1:3033 fd 3
Python version: 2.7.12 (default, Jul  1 2016, 15:12:24)  [GCC 5.4.0 20160609]
Set PythonHome to /home/ubuntu/
*** Python threads support is disabled. You can enable it with --enable-threads ***
Python main interpreter initialized at 0x19a67f0
your server socket listen backlog is limited to 100 connections
your mercy for graceful operations on workers is 60 seconds
mapped 72768 bytes (71 KB) for 1 cores
*** Operational MODE: single process ***
added /home/ubuntu/ to pythonpath.
WSGI app 0 (mountpoint='') ready in 1 seconds on interpreter 0x19a67f0 pid: 9022 (default app)
mountpoint  already configured. skip.
*** uWSGI is running in multiple interpreter mode ***
spawned uWSGI worker 1 (and the only) (pid: 9022, cores: 1)
*** Starting uWSGI 2.0.14 (64bit) on [Tue Nov  8 14:48:06 2016] ***
compiled with version: 5.4.0 20160609 on 08 November 2016 14:27:10
os: Linux-4.4.0-45-generic #66-Ubuntu SMP Wed Oct 19 14:12:37 UTC 2016
nodename: ip-172-31-62-27
machine: x86_64
clock source: unix
detected number of CPU cores: 1
current working directory: /home/ubuntu
writing pidfile to /home/ubuntu//app.pid
detected binary path: /home/ubuntu/.local/bin/uwsgi
!!! no internal routing support, rebuild with pcre support !!!
*** WARNING: you are running uWSGI without its master process manager ***
your processes number limit is 3917
your memory page size is 4096 bytes
detected max file descriptor number: 1024
lock engine: pthread robust mutexes
thunder lock: disabled (you can enable it with --thunder-lock)
probably another instance of uWSGI is running on the same address (127.0.0.1:3033).
bind(): Address already in use [core/socket.c line 769]
~                                                                                                                                                                                               
~                                                                                                                                                                                               
"app.log" 50L, 2438C           